<?xml version="1.0" encoding="UTF-8"?>
<testng-results skipped="0" failed="0" total="1" passed="1">
  <reporter-output>
  </reporter-output>
  <suite name="Default suite" duration-ms="52" started-at="2018-07-09T15:14:18Z" finished-at="2018-07-09T15:14:18Z">
    <groups>
    </groups>
    <test name="Default test" duration-ms="52" started-at="2018-07-09T15:14:18Z" finished-at="2018-07-09T15:14:18Z">
      <class name="test.day1">
        <test-method status="PASS" signature="beforeTest()[pri:0, instance:test.day1@4439f31e]" name="beforeTest" is-config="true" duration-ms="15" started-at="2018-07-09T20:44:18Z" finished-at="2018-07-09T20:44:18Z">
          <reporter-output>
          </reporter-output>
        </test-method> <!-- beforeTest -->
        <test-method status="PASS" signature="test()[pri:0, instance:test.day1@4439f31e]" name="test" duration-ms="11" started-at="2018-07-09T20:44:18Z" finished-at="2018-07-09T20:44:18Z">
          <reporter-output>
          </reporter-output>
        </test-method> <!-- test -->
        <test-method status="PASS" signature="afterTest()[pri:0, instance:test.day1@4439f31e]" name="afterTest" is-config="true" duration-ms="0" started-at="2018-07-09T20:44:18Z" finished-at="2018-07-09T20:44:18Z">
          <reporter-output>
          </reporter-output>
        </test-method> <!-- afterTest -->
      </class> <!-- test.day1 -->
    </test> <!-- Default test -->
  </suite> <!-- Default suite -->
</testng-results>
